<?xml version="1.0" encoding="UTF-8"?>
<!-- Generated by org.testng.reporters.JUnitXMLReporter -->
<testsuite ignored="3" hostname="LAPTOP-QLA4B8S1" failures="0" tests="1" name="Test" time="8.753" errors="0" timestamp="2025-09-15T12:00:25 IST">
  <testcase classname="testCaseRepo.TC_001" name="LE_001" time="4.055"/>
  <testcase classname="testCaseRepo.TC_003" name="LE_003" time="0.0">
    <ignored/>
  </testcase> <!-- LE_003 -->
  <testcase classname="genericUtility.BaseClass" name="@BeforeSuite dbConnection" time="0.0">
    <ignored/>
  </testcase> <!-- @BeforeSuite dbConnection -->
  <testcase classname="genericUtility.BaseClass" name="@AfterSuite closeDBConnection" time="0.0">
    <ignored/>
  </testcase> <!-- @AfterSuite closeDBConnection -->
</testsuite> <!-- Test -->
