<?xml version="1.0" encoding="UTF-8"?>
<!-- Generated by org.testng.reporters.JUnitXMLReporter -->
<testsuite ignored="4" hostname="LAPTOP-QLA4B8S1" failures="0" tests="4" name="Test" time="91.863" errors="0" timestamp="2025-09-17T09:44:22 IST">
  <testcase classname="testCaseRepo.TC_003" name="LE_003" time="28.249"/>
  <testcase classname="testCaseRepo.Test_TC_001" name="LE_001" time="4.505"/>
  <testcase classname="testCaseRepo.Test_TC_001" name="defaults" time="0.001"/>
  <testcase classname="testCaseRepo.TC_004" name="CON_001" time="19.289"/>
  <testcase classname="genericUtility.BaseClass" name="@BeforeSuite dbConnection" time="0.0">
    <ignored/>
  </testcase> <!-- @BeforeSuite dbConnection -->
  <testcase classname="genericUtility.BaseClass" name="@AfterSuite closeDBConnection" time="0.0">
    <ignored/>
  </testcase> <!-- @AfterSuite closeDBConnection -->
  <testcase classname="genericUtility.BaseClass" name="@AfterSuite closeDBConnection" time="0.0">
    <ignored/>
  </testcase> <!-- @AfterSuite closeDBConnection -->
  <testcase classname="genericUtility.BaseClass" name="@BeforeSuite dbConnection" time="0.0">
    <ignored/>
  </testcase> <!-- @BeforeSuite dbConnection -->
</testsuite> <!-- Test -->
