<?xml version="1.0" encoding="UTF-8"?>
<testng-results ignored="0" total="4" passed="4" failed="0" skipped="0">
  <reporter-output>
    <line>
      <![CDATA[LE_003Test method started]]>
    </line>
    <line>
      <![CDATA[LE_003Test method executed successfully]]>
    </line>
    <line>
      <![CDATA[LE_001Test method started]]>
    </line>
    <line>
      <![CDATA[LE_001Test method executed successfully]]>
    </line>
    <line>
      <![CDATA[defaultsTest method started]]>
    </line>
    <line>
      <![CDATA[defaultsTest method executed successfully]]>
    </line>
    <line>
      <![CDATA[CON_001Test method started]]>
    </line>
    <line>
      <![CDATA[CON_001Test method executed successfully]]>
    </line>
  </reporter-output>
  <suite started-at="2025-09-17T09:42:49 IST" name="Suite" finished-at="2025-09-17T09:44:21 IST" duration-ms="91863">
    <groups>
      <group name="smoke">
        <method signature="TC_003.LE_003()[pri:0, instance:testCaseRepo.TC_003@3a93b025]" name="LE_003" class="testCaseRepo.TC_003"/>
        <method signature="Test_TC_001.LE_001()[pri:0, instance:testCaseRepo.Test_TC_001@16d04d3d]" name="LE_001" class="testCaseRepo.Test_TC_001"/>
      </group> <!-- smoke -->
      <group name="sanity">
        <method signature="TC_004.CON_001()[pri:0, instance:testCaseRepo.TC_004@49ec71f8]" name="CON_001" class="testCaseRepo.TC_004"/>
        <method signature="Test_TC_001.LE_001()[pri:0, instance:testCaseRepo.Test_TC_001@16d04d3d]" name="LE_001" class="testCaseRepo.Test_TC_001"/>
      </group> <!-- sanity -->
    </groups>
    <test started-at="2025-09-17T09:42:49 IST" name="Test" finished-at="2025-09-17T09:44:21 IST" duration-ms="91863">
      <class name="testCaseRepo.TC_003">
        <test-method is-config="true" signature="dbConnection()[pri:0, instance:testCaseRepo.TC_003@3a93b025]" started-at="2025-09-17T09:42:49 IST" name="dbConnection" finished-at="2025-09-17T09:42:49 IST" duration-ms="15" status="PASS">
          <reporter-output>
          </reporter-output>
        </test-method> <!-- dbConnection -->
        <test-method is-config="true" signature="launchBrowser(java.lang.String)[pri:0, instance:testCaseRepo.TC_003@3a93b025]" started-at="2025-09-17T09:42:50 IST" name="launchBrowser" finished-at="2025-09-17T09:42:58 IST" duration-ms="8828" status="PASS">
          <params>
            <param index="0">
              <value>
                <![CDATA[chrome]]>
              </value>
            </param>
          </params>
          <reporter-output>
          </reporter-output>
        </test-method> <!-- launchBrowser -->
        <test-method is-config="true" signature="loginOperation()[pri:0, instance:testCaseRepo.TC_003@3a93b025]" started-at="2025-09-17T09:42:58 IST" name="loginOperation" finished-at="2025-09-17T09:43:10 IST" duration-ms="11756" status="PASS">
          <reporter-output>
          </reporter-output>
        </test-method> <!-- loginOperation -->
        <test-method signature="LE_003()[pri:0, instance:testCaseRepo.TC_003@3a93b025]" started-at="2025-09-17T09:43:10 IST" name="LE_003" finished-at="2025-09-17T09:43:38 IST" duration-ms="28249" status="PASS">
          <reporter-output>
            <line>
              <![CDATA[LE_003Test method started]]>
            </line>
            <line>
              <![CDATA[LE_003Test method executed successfully]]>
            </line>
          </reporter-output>
        </test-method> <!-- LE_003 -->
        <test-method is-config="true" signature="logoutOperation()[pri:0, instance:testCaseRepo.TC_003@3a93b025]" started-at="2025-09-17T09:43:38 IST" name="logoutOperation" finished-at="2025-09-17T09:43:41 IST" duration-ms="2498" status="PASS">
          <reporter-output>
          </reporter-output>
        </test-method> <!-- logoutOperation -->
        <test-method is-config="true" signature="closeBrowser()[pri:0, instance:testCaseRepo.TC_003@3a93b025]" started-at="2025-09-17T09:43:41 IST" name="closeBrowser" finished-at="2025-09-17T09:43:41 IST" duration-ms="284" status="PASS">
          <reporter-output>
          </reporter-output>
        </test-method> <!-- closeBrowser -->
        <test-method is-config="true" signature="closeDBConnection()[pri:0, instance:testCaseRepo.TC_003@3a93b025]" started-at="2025-09-17T09:44:22 IST" name="closeDBConnection" finished-at="2025-09-17T09:44:22 IST" duration-ms="0" status="PASS">
          <reporter-output>
          </reporter-output>
        </test-method> <!-- closeDBConnection -->
      </class> <!-- testCaseRepo.TC_003 -->
      <class name="testCaseRepo.Test_TC_001">
        <test-method is-config="true" signature="launchBrowser(java.lang.String)[pri:0, instance:testCaseRepo.Test_TC_001@16d04d3d]" started-at="2025-09-17T09:43:41 IST" name="launchBrowser" finished-at="2025-09-17T09:43:43 IST" duration-ms="1841" status="PASS">
          <params>
            <param index="0">
              <value>
                <![CDATA[chrome]]>
              </value>
            </param>
          </params>
          <reporter-output>
          </reporter-output>
        </test-method> <!-- launchBrowser -->
        <test-method is-config="true" signature="loginOperation()[pri:0, instance:testCaseRepo.Test_TC_001@16d04d3d]" started-at="2025-09-17T09:43:43 IST" name="loginOperation" finished-at="2025-09-17T09:43:45 IST" duration-ms="2341" status="PASS">
          <reporter-output>
          </reporter-output>
        </test-method> <!-- loginOperation -->
        <test-method signature="LE_001()[pri:0, instance:testCaseRepo.Test_TC_001@16d04d3d]" started-at="2025-09-17T09:43:45 IST" name="LE_001" finished-at="2025-09-17T09:43:50 IST" duration-ms="4505" status="PASS">
          <reporter-output>
            <line>
              <![CDATA[LE_001Test method started]]>
            </line>
            <line>
              <![CDATA[LE_001Test method executed successfully]]>
            </line>
          </reporter-output>
        </test-method> <!-- LE_001 -->
        <test-method is-config="true" signature="logoutOperation()[pri:0, instance:testCaseRepo.Test_TC_001@16d04d3d]" started-at="2025-09-17T09:43:50 IST" name="logoutOperation" finished-at="2025-09-17T09:43:51 IST" duration-ms="1217" status="PASS">
          <reporter-output>
          </reporter-output>
        </test-method> <!-- logoutOperation -->
        <test-method is-config="true" signature="loginOperation()[pri:0, instance:testCaseRepo.Test_TC_001@16d04d3d]" started-at="2025-09-17T09:43:51 IST" name="loginOperation" finished-at="2025-09-17T09:43:51 IST" duration-ms="156" status="PASS">
          <reporter-output>
          </reporter-output>
        </test-method> <!-- loginOperation -->
        <test-method signature="defaults()[pri:0, instance:testCaseRepo.Test_TC_001@16d04d3d]" started-at="2025-09-17T09:43:51 IST" name="defaults" finished-at="2025-09-17T09:43:51 IST" duration-ms="1" status="PASS">
          <reporter-output>
            <line>
              <![CDATA[defaultsTest method started]]>
            </line>
            <line>
              <![CDATA[defaultsTest method executed successfully]]>
            </line>
          </reporter-output>
        </test-method> <!-- defaults -->
        <test-method is-config="true" signature="logoutOperation()[pri:0, instance:testCaseRepo.Test_TC_001@16d04d3d]" started-at="2025-09-17T09:43:51 IST" name="logoutOperation" finished-at="2025-09-17T09:43:56 IST" duration-ms="4701" status="PASS">
          <reporter-output>
          </reporter-output>
        </test-method> <!-- logoutOperation -->
        <test-method is-config="true" signature="closeBrowser()[pri:0, instance:testCaseRepo.Test_TC_001@16d04d3d]" started-at="2025-09-17T09:43:56 IST" name="closeBrowser" finished-at="2025-09-17T09:43:56 IST" duration-ms="180" status="PASS">
          <reporter-output>
          </reporter-output>
        </test-method> <!-- closeBrowser -->
      </class> <!-- testCaseRepo.Test_TC_001 -->
      <class name="testCaseRepo.TC_004">
        <test-method is-config="true" signature="launchBrowser(java.lang.String)[pri:0, instance:testCaseRepo.TC_004@49ec71f8]" started-at="2025-09-17T09:43:56 IST" name="launchBrowser" finished-at="2025-09-17T09:43:58 IST" duration-ms="1791" status="PASS">
          <params>
            <param index="0">
              <value>
                <![CDATA[chrome]]>
              </value>
            </param>
          </params>
          <reporter-output>
          </reporter-output>
        </test-method> <!-- launchBrowser -->
        <test-method is-config="true" signature="loginOperation()[pri:0, instance:testCaseRepo.TC_004@49ec71f8]" started-at="2025-09-17T09:43:58 IST" name="loginOperation" finished-at="2025-09-17T09:44:00 IST" duration-ms="2461" status="PASS">
          <reporter-output>
          </reporter-output>
        </test-method> <!-- loginOperation -->
        <test-method signature="CON_001()[pri:0, instance:testCaseRepo.TC_004@49ec71f8]" started-at="2025-09-17T09:44:00 IST" name="CON_001" finished-at="2025-09-17T09:44:20 IST" duration-ms="19289" status="PASS">
          <reporter-output>
            <line>
              <![CDATA[CON_001Test method started]]>
            </line>
            <line>
              <![CDATA[CON_001Test method executed successfully]]>
            </line>
          </reporter-output>
        </test-method> <!-- CON_001 -->
        <test-method is-config="true" signature="logoutOperation()[pri:0, instance:testCaseRepo.TC_004@49ec71f8]" started-at="2025-09-17T09:44:20 IST" name="logoutOperation" finished-at="2025-09-17T09:44:21 IST" duration-ms="1250" status="PASS">
          <reporter-output>
          </reporter-output>
        </test-method> <!-- logoutOperation -->
        <test-method is-config="true" signature="closeBrowser()[pri:0, instance:testCaseRepo.TC_004@49ec71f8]" started-at="2025-09-17T09:44:21 IST" name="closeBrowser" finished-at="2025-09-17T09:44:21 IST" duration-ms="189" status="PASS">
          <reporter-output>
          </reporter-output>
        </test-method> <!-- closeBrowser -->
      </class> <!-- testCaseRepo.TC_004 -->
    </test> <!-- Test -->
  </suite> <!-- Suite -->
</testng-results>
